INFO 2019-10-29 15:33:48,789 root : -----------------------------------------------------------------
INFO 2019-10-29 15:33:48,789 root : Сервер доступний. Статуст код = 200
INFO 2019-10-29 15:33:48,789 root : Сервер доступний. Час на сервері: 2019-10-29 15:33:48
INFO 2019-10-29 15:33:48,789 root : Запитувана сторінка: : /health/
INFO 2019-10-29 15:33:48,789 root : Інформація про сервер: {'System': 'Linux', 'Release': '5.2.0-kali2-amd64', 'Type': 'x86_64'}
INFO 2019-10-29 15:33:48,789 root : Інформація про клієнта: python-requests/2.22.0
INFO 2019-10-29 15:34:48,854 root : -----------------------------------------------------------------
INFO 2019-10-29 15:34:48,855 root : Сервер доступний. Статуст код = 200
INFO 2019-10-29 15:34:48,855 root : Сервер доступний. Час на сервері: 2019-10-29 15:34:48
INFO 2019-10-29 15:34:48,855 root : Запитувана сторінка: : /health/
INFO 2019-10-29 15:34:48,855 root : Інформація про сервер: {'System': 'Linux', 'Release': '5.2.0-kali2-amd64', 'Type': 'x86_64'}
INFO 2019-10-29 15:34:48,855 root : Інформація про клієнта: python-requests/2.22.0
INFO 2019-10-29 15:35:48,919 root : -----------------------------------------------------------------
INFO 2019-10-29 15:35:48,919 root : Сервер доступний. Статуст код = 200
INFO 2019-10-29 15:35:48,920 root : Сервер доступний. Час на сервері: 2019-10-29 15:35:48
INFO 2019-10-29 15:35:48,920 root : Запитувана сторінка: : /health/
INFO 2019-10-29 15:35:48,920 root : Інформація про сервер: {'System': 'Linux', 'Release': '5.2.0-kali2-amd64', 'Type': 'x86_64'}
INFO 2019-10-29 15:35:48,920 root : Інформація про клієнта: python-requests/2.22.0
INFO 2019-10-29 15:36:48,979 root : -----------------------------------------------------------------
INFO 2019-10-29 15:36:48,979 root : Сервер доступний. Статуст код = 200
INFO 2019-10-29 15:36:48,979 root : Сервер доступний. Час на сервері: 2019-10-29 15:36:48
INFO 2019-10-29 15:36:48,979 root : Запитувана сторінка: : /health/
INFO 2019-10-29 15:36:48,980 root : Інформація про сервер: {'System': 'Linux', 'Release': '5.2.0-kali2-amd64', 'Type': 'x86_64'}
INFO 2019-10-29 15:36:48,980 root : Інформація про клієнта: python-requests/2.22.0
INFO 2019-10-29 15:37:49,037 root : -----------------------------------------------------------------
INFO 2019-10-29 15:37:49,038 root : Сервер доступний. Статуст код = 200
INFO 2019-10-29 15:37:49,038 root : Сервер доступний. Час на сервері: 2019-10-29 15:37:49
INFO 2019-10-29 15:37:49,038 root : Запитувана сторінка: : /health/
INFO 2019-10-29 15:37:49,038 root : Інформація про сервер: {'System': 'Linux', 'Release': '5.2.0-kali2-amd64', 'Type': 'x86_64'}
INFO 2019-10-29 15:37:49,038 root : Інформація про клієнта: python-requests/2.22.0
